2024-08-28 21:31:41,849 - aiogram.event - INFO - Update id=53308350 is handled. Duration 1040 ms by bot id=7144434947
2024-08-28 21:31:45,171 - pyrogram.connection.transport.tcp.tcp - INFO - Using proxy 46.161.47.127
2024-08-28 21:31:45,171 - pyrogram.connection.connection - INFO - Connecting...
2024-08-28 21:31:45,581 - pyrogram.connection.connection - INFO - Connected! Production DC2 - IPv4
2024-08-28 21:31:45,581 - pyrogram.session.session - INFO - NetworkTask started
2024-08-28 21:31:46,158 - pyrogram.session.session - INFO - Session initialized: Layer 158
2024-08-28 21:31:46,158 - pyrogram.session.session - INFO - Device: CPython 3.10.6 - Pyrogram 2.0.106
2024-08-28 21:31:46,158 - pyrogram.session.session - INFO - System: Linux 6.2.0-76060200-generic (en)
2024-08-28 21:31:46,158 - pyrogram.session.session - INFO - Session started
2024-08-28 21:31:46,169 - pyrogram.session.session - INFO - PingTask started
2024-08-28 21:31:46,308 - pyrogram.session.session - INFO - PingTask stopped
2024-08-28 21:31:46,308 - pyrogram.connection.connection - INFO - Disconnected
2024-08-28 21:31:46,308 - pyrogram.session.session - INFO - NetworkTask stopped
2024-08-28 21:31:46,308 - pyrogram.session.session - INFO - Session stopped
2024-08-28 21:31:46,314 - aiogram.event - INFO - Update id=53308351 is handled. Duration 2453 ms by bot id=7144434947
2024-08-28 21:31:47,163 - pyrogram.connection.transport.tcp.tcp - INFO - Using proxy 46.161.47.127
2024-08-28 21:31:47,163 - pyrogram.connection.connection - INFO - Connecting...
2024-08-28 21:31:47,485 - pyrogram.connection.connection - INFO - Connected! Production DC2 - IPv4
2024-08-28 21:31:47,485 - pyrogram.session.session - INFO - NetworkTask started
2024-08-28 21:31:48,140 - pyrogram.session.session - INFO - Session initialized: Layer 158
2024-08-28 21:31:48,140 - pyrogram.session.session - INFO - Device: CPython 3.10.6 - Pyrogram 2.0.106
2024-08-28 21:31:48,140 - pyrogram.session.session - INFO - System: Linux 6.2.0-76060200-generic (en)
2024-08-28 21:31:48,140 - pyrogram.session.session - INFO - Session started
2024-08-28 21:31:48,153 - pyrogram.session.session - INFO - PingTask started
2024-08-28 21:31:49,184 - pyrogram.session.session - INFO - PingTask stopped
2024-08-28 21:31:49,185 - pyrogram.connection.connection - INFO - Disconnected
2024-08-28 21:31:49,185 - pyrogram.session.session - INFO - NetworkTask stopped
2024-08-28 21:31:49,185 - pyrogram.session.session - INFO - Session stopped
2024-08-28 21:31:50,701 - httpx - INFO - HTTP Request: POST https://gateway.blum.codes/v1/auth/provider/PROVIDER_TELEGRAM_MINI_APP "HTTP/1.1 503 Service Unavailable"
2024-08-28 21:38:20,030 - aiogram.event - INFO - Update id=53308352 is handled. Duration 1124 ms by bot id=7144434947
2024-08-28 21:38:22,486 - pyrogram.connection.transport.tcp.tcp - INFO - Using proxy 46.161.47.127
2024-08-28 21:38:22,486 - pyrogram.connection.connection - INFO - Connecting...
2024-08-28 21:38:22,897 - pyrogram.connection.connection - INFO - Connected! Production DC2 - IPv4
2024-08-28 21:38:22,897 - pyrogram.session.session - INFO - NetworkTask started
2024-08-28 21:38:23,276 - pyrogram.session.session - INFO - Session initialized: Layer 158
2024-08-28 21:38:23,276 - pyrogram.session.session - INFO - Device: CPython 3.10.6 - Pyrogram 2.0.106
2024-08-28 21:38:23,277 - pyrogram.session.session - INFO - System: Linux 6.2.0-76060200-generic (en)
2024-08-28 21:38:23,277 - pyrogram.session.session - INFO - Session started
2024-08-28 21:38:23,299 - pyrogram.session.session - INFO - PingTask started
2024-08-28 21:38:23,445 - pyrogram.session.session - INFO - PingTask stopped
2024-08-28 21:38:23,446 - pyrogram.connection.connection - INFO - Disconnected
2024-08-28 21:38:23,446 - pyrogram.session.session - INFO - NetworkTask stopped
2024-08-28 21:38:23,446 - pyrogram.session.session - INFO - Session stopped
2024-08-28 21:38:23,455 - aiogram.event - INFO - Update id=53308353 is handled. Duration 1682 ms by bot id=7144434947
2024-08-28 21:38:23,996 - pyrogram.connection.transport.tcp.tcp - INFO - Using proxy 46.161.47.127
2024-08-28 21:38:23,996 - pyrogram.connection.connection - INFO - Connecting...
2024-08-28 21:38:24,338 - pyrogram.connection.connection - INFO - Connected! Production DC2 - IPv4
2024-08-28 21:38:24,339 - pyrogram.session.session - INFO - NetworkTask started
2024-08-28 21:38:24,890 - pyrogram.session.session - INFO - Session initialized: Layer 158
2024-08-28 21:38:24,890 - pyrogram.session.session - INFO - Device: CPython 3.10.6 - Pyrogram 2.0.106
2024-08-28 21:38:24,890 - pyrogram.session.session - INFO - System: Linux 6.2.0-76060200-generic (en)
2024-08-28 21:38:24,890 - pyrogram.session.session - INFO - Session started
2024-08-28 21:38:24,911 - pyrogram.session.session - INFO - PingTask started
2024-08-28 21:38:25,243 - pyrogram.session.session - INFO - PingTask stopped
2024-08-28 21:38:25,244 - pyrogram.connection.connection - INFO - Disconnected
2024-08-28 21:38:25,244 - pyrogram.session.session - INFO - NetworkTask stopped
2024-08-28 21:38:25,244 - pyrogram.session.session - INFO - Session stopped
2024-08-28 21:44:11,622 - aiogram.event - INFO - Update id=53308354 is handled. Duration 764 ms by bot id=7144434947
2024-08-28 21:44:13,618 - pyrogram.connection.transport.tcp.tcp - INFO - Using proxy 46.161.47.127
2024-08-28 21:44:13,618 - pyrogram.connection.connection - INFO - Connecting...
2024-08-28 21:44:14,031 - pyrogram.connection.connection - INFO - Connected! Production DC2 - IPv4
2024-08-28 21:44:14,031 - pyrogram.session.session - INFO - NetworkTask started
2024-08-28 21:44:14,637 - pyrogram.session.session - INFO - Session initialized: Layer 158
2024-08-28 21:44:14,637 - pyrogram.session.session - INFO - Device: CPython 3.10.6 - Pyrogram 2.0.106
2024-08-28 21:44:14,637 - pyrogram.session.session - INFO - System: Linux 6.2.0-76060200-generic (en)
2024-08-28 21:44:14,638 - pyrogram.session.session - INFO - Session started
2024-08-28 21:44:14,660 - pyrogram.session.session - INFO - PingTask started
2024-08-28 21:44:14,829 - pyrogram.session.session - INFO - PingTask stopped
2024-08-28 21:44:14,830 - pyrogram.connection.connection - INFO - Disconnected
2024-08-28 21:44:14,830 - pyrogram.session.session - INFO - NetworkTask stopped
2024-08-28 21:44:14,830 - pyrogram.session.session - INFO - Session stopped
2024-08-28 21:44:14,839 - aiogram.event - INFO - Update id=53308355 is handled. Duration 1887 ms by bot id=7144434947
2024-08-28 21:44:15,362 - pyrogram.connection.transport.tcp.tcp - INFO - Using proxy 46.161.47.127
2024-08-28 21:44:15,362 - pyrogram.connection.connection - INFO - Connecting...
2024-08-28 21:44:15,772 - pyrogram.connection.connection - INFO - Connected! Production DC2 - IPv4
2024-08-28 21:44:15,773 - pyrogram.session.session - INFO - NetworkTask started
2024-08-28 21:44:16,346 - pyrogram.session.session - INFO - Session initialized: Layer 158
2024-08-28 21:44:16,347 - pyrogram.session.session - INFO - Device: CPython 3.10.6 - Pyrogram 2.0.106
2024-08-28 21:44:16,347 - pyrogram.session.session - INFO - System: Linux 6.2.0-76060200-generic (en)
2024-08-28 21:44:16,347 - pyrogram.session.session - INFO - Session started
2024-08-28 21:44:16,358 - pyrogram.session.session - INFO - PingTask started
2024-08-28 21:44:16,638 - pyrogram.session.session - INFO - PingTask stopped
2024-08-28 21:44:16,639 - pyrogram.connection.connection - INFO - Disconnected
2024-08-28 21:44:16,639 - pyrogram.session.session - INFO - NetworkTask stopped
2024-08-28 21:44:16,639 - pyrogram.session.session - INFO - Session stopped
2024-08-28 21:44:27,551 - httpx - INFO - HTTP Request: POST https://gateway.blum.codes/v1/auth/provider/PROVIDER_TELEGRAM_MINI_APP "HTTP/1.1 520 "
2024-08-28 21:48:12,012 - aiogram.event - INFO - Update id=53308356 is handled. Duration 858 ms by bot id=7144434947
2024-08-28 21:48:13,968 - pyrogram.connection.transport.tcp.tcp - INFO - Using proxy 46.161.47.127
2024-08-28 21:48:13,968 - pyrogram.connection.connection - INFO - Connecting...
2024-08-28 21:48:14,297 - pyrogram.connection.connection - INFO - Connected! Production DC2 - IPv4
2024-08-28 21:48:14,298 - pyrogram.session.session - INFO - NetworkTask started
2024-08-28 21:48:14,720 - pyrogram.session.session - INFO - Session initialized: Layer 158
2024-08-28 21:48:14,720 - pyrogram.session.session - INFO - Device: CPython 3.10.6 - Pyrogram 2.0.106
2024-08-28 21:48:14,720 - pyrogram.session.session - INFO - System: Linux 6.2.0-76060200-generic (en)
2024-08-28 21:48:14,720 - pyrogram.session.session - INFO - Session started
2024-08-28 21:48:14,738 - pyrogram.session.session - INFO - PingTask started
2024-08-28 21:48:14,966 - pyrogram.session.session - INFO - PingTask stopped
2024-08-28 21:48:14,967 - pyrogram.connection.connection - INFO - Disconnected
2024-08-28 21:48:14,967 - pyrogram.session.session - INFO - NetworkTask stopped
2024-08-28 21:48:14,967 - pyrogram.session.session - INFO - Session stopped
2024-08-28 21:48:14,979 - aiogram.event - INFO - Update id=53308357 is handled. Duration 1737 ms by bot id=7144434947
2024-08-28 21:48:15,519 - pyrogram.connection.transport.tcp.tcp - INFO - Using proxy 46.161.47.127
2024-08-28 21:48:15,519 - pyrogram.connection.connection - INFO - Connecting...
2024-08-28 21:48:15,839 - pyrogram.connection.connection - INFO - Connected! Production DC2 - IPv4
2024-08-28 21:48:15,840 - pyrogram.session.session - INFO - NetworkTask started
2024-08-28 21:48:16,415 - pyrogram.session.session - INFO - Session initialized: Layer 158
2024-08-28 21:48:16,415 - pyrogram.session.session - INFO - Device: CPython 3.10.6 - Pyrogram 2.0.106
2024-08-28 21:48:16,416 - pyrogram.session.session - INFO - System: Linux 6.2.0-76060200-generic (en)
2024-08-28 21:48:16,416 - pyrogram.session.session - INFO - Session started
2024-08-28 21:48:16,438 - pyrogram.session.session - INFO - PingTask started
2024-08-28 21:48:16,910 - pyrogram.session.session - INFO - PingTask stopped
2024-08-28 21:48:16,910 - pyrogram.connection.connection - INFO - Disconnected
2024-08-28 21:48:16,911 - pyrogram.session.session - INFO - NetworkTask stopped
2024-08-28 21:48:16,911 - pyrogram.session.session - INFO - Session stopped
2024-08-28 21:51:00,872 - aiogram.event - INFO - Update id=53308358 is handled. Duration 1021 ms by bot id=7144434947
2024-08-28 21:51:02,869 - pyrogram.connection.transport.tcp.tcp - INFO - Using proxy 46.161.47.127
2024-08-28 21:51:02,869 - pyrogram.connection.connection - INFO - Connecting...
2024-08-28 21:51:03,230 - pyrogram.connection.connection - INFO - Connected! Production DC2 - IPv4
2024-08-28 21:51:03,230 - pyrogram.session.session - INFO - NetworkTask started
2024-08-28 21:51:03,636 - pyrogram.session.session - INFO - Session initialized: Layer 158
2024-08-28 21:51:03,636 - pyrogram.session.session - INFO - Device: CPython 3.10.6 - Pyrogram 2.0.106
2024-08-28 21:51:03,636 - pyrogram.session.session - INFO - System: Linux 6.2.0-76060200-generic (en)
2024-08-28 21:51:03,636 - pyrogram.session.session - INFO - Session started
2024-08-28 21:51:03,658 - pyrogram.session.session - INFO - PingTask started
2024-08-28 21:51:03,793 - pyrogram.session.session - INFO - PingTask stopped
2024-08-28 21:51:03,793 - pyrogram.connection.connection - INFO - Disconnected
2024-08-28 21:51:03,794 - pyrogram.session.session - INFO - NetworkTask stopped
2024-08-28 21:51:03,794 - pyrogram.session.session - INFO - Session stopped
2024-08-28 21:51:03,803 - aiogram.event - INFO - Update id=53308359 is handled. Duration 1596 ms by bot id=7144434947
2024-08-28 21:51:04,324 - pyrogram.connection.transport.tcp.tcp - INFO - Using proxy 46.161.47.127
2024-08-28 21:51:04,324 - pyrogram.connection.connection - INFO - Connecting...
2024-08-28 21:51:04,662 - pyrogram.connection.connection - INFO - Connected! Production DC2 - IPv4
2024-08-28 21:51:04,662 - pyrogram.session.session - INFO - NetworkTask started
2024-08-28 21:51:05,245 - pyrogram.session.session - INFO - Session initialized: Layer 158
2024-08-28 21:51:05,245 - pyrogram.session.session - INFO - Device: CPython 3.10.6 - Pyrogram 2.0.106
2024-08-28 21:51:05,245 - pyrogram.session.session - INFO - System: Linux 6.2.0-76060200-generic (en)
2024-08-28 21:51:05,245 - pyrogram.session.session - INFO - Session started
2024-08-28 21:51:05,270 - pyrogram.session.session - INFO - PingTask started
2024-08-28 21:51:05,584 - pyrogram.session.session - INFO - PingTask stopped
2024-08-28 21:51:05,584 - pyrogram.connection.connection - INFO - Disconnected
2024-08-28 21:51:05,584 - pyrogram.session.session - INFO - NetworkTask stopped
2024-08-28 21:51:05,584 - pyrogram.session.session - INFO - Session stopped
2024-08-28 21:56:28,433 - aiogram.event - INFO - Update id=53308360 is handled. Duration 1001 ms by bot id=7144434947
2024-08-28 21:56:30,552 - pyrogram.connection.transport.tcp.tcp - INFO - Using proxy 46.161.47.127
2024-08-28 21:56:30,553 - pyrogram.connection.connection - INFO - Connecting...
2024-08-28 21:56:30,919 - pyrogram.connection.connection - INFO - Connected! Production DC2 - IPv4
2024-08-28 21:56:30,921 - pyrogram.session.session - INFO - NetworkTask started
2024-08-28 21:56:31,396 - pyrogram.session.session - INFO - Session initialized: Layer 158
2024-08-28 21:56:31,396 - pyrogram.session.session - INFO - Device: CPython 3.10.6 - Pyrogram 2.0.106
2024-08-28 21:56:31,396 - pyrogram.session.session - INFO - System: Linux 6.2.0-76060200-generic (en)
2024-08-28 21:56:31,396 - pyrogram.session.session - INFO - Session started
2024-08-28 21:56:31,418 - pyrogram.session.session - INFO - PingTask started
2024-08-28 21:56:31,560 - pyrogram.session.session - INFO - PingTask stopped
2024-08-28 21:56:31,560 - pyrogram.connection.connection - INFO - Disconnected
2024-08-28 21:56:31,561 - pyrogram.session.session - INFO - NetworkTask stopped
2024-08-28 21:56:31,561 - pyrogram.session.session - INFO - Session stopped
2024-08-28 21:56:31,570 - aiogram.event - INFO - Update id=53308361 is handled. Duration 1760 ms by bot id=7144434947
2024-08-28 21:56:32,571 - pyrogram.connection.transport.tcp.tcp - INFO - Using proxy 46.161.47.127
2024-08-28 21:56:32,571 - pyrogram.connection.connection - INFO - Connecting...
2024-08-28 21:56:32,891 - pyrogram.connection.connection - INFO - Connected! Production DC2 - IPv4
2024-08-28 21:56:32,891 - pyrogram.session.session - INFO - NetworkTask started
2024-08-28 21:56:33,377 - pyrogram.session.session - INFO - Session initialized: Layer 158
2024-08-28 21:56:33,377 - pyrogram.session.session - INFO - Device: CPython 3.10.6 - Pyrogram 2.0.106
2024-08-28 21:56:33,377 - pyrogram.session.session - INFO - System: Linux 6.2.0-76060200-generic (en)
2024-08-28 21:56:33,377 - pyrogram.session.session - INFO - Session started
2024-08-28 21:56:33,395 - pyrogram.session.session - INFO - PingTask started
2024-08-28 21:56:33,685 - pyrogram.session.session - INFO - PingTask stopped
2024-08-28 21:56:33,685 - pyrogram.connection.connection - INFO - Disconnected
2024-08-28 21:56:33,685 - pyrogram.session.session - INFO - NetworkTask stopped
2024-08-28 21:56:33,686 - pyrogram.session.session - INFO - Session stopped
2024-08-28 21:56:35,726 - httpx - INFO - HTTP Request: POST https://gateway.blum.codes/v1/auth/provider/PROVIDER_TELEGRAM_MINI_APP "HTTP/1.1 200 OK"
2024-08-28 21:56:36,626 - httpx - INFO - HTTP Request: GET https://game-domain.blum.codes/api/v1/user/balance "HTTP/1.1 200 OK"
2024-08-28 21:56:38,901 - httpx - INFO - HTTP Request: POST https://game-domain.blum.codes/api/v1/daily-reward?offset=-180 "HTTP/1.1 400 Bad Request"
2024-08-28 21:56:42,279 - httpx - INFO - HTTP Request: GET https://gateway.blum.codes/v1/friends/balance "HTTP/1.1 503 Service Unavailable"
2024-08-28 21:59:24,616 - aiogram.event - INFO - Update id=53308362 is handled. Duration 644 ms by bot id=7144434947
2024-08-28 21:59:26,656 - pyrogram.connection.transport.tcp.tcp - INFO - Using proxy 46.161.47.127
2024-08-28 21:59:26,657 - pyrogram.connection.connection - INFO - Connecting...
2024-08-28 21:59:26,989 - pyrogram.connection.connection - INFO - Connected! Production DC2 - IPv4
2024-08-28 21:59:26,989 - pyrogram.session.session - INFO - NetworkTask started
2024-08-28 21:59:27,515 - pyrogram.session.session - INFO - Session initialized: Layer 158
2024-08-28 21:59:27,515 - pyrogram.session.session - INFO - Device: CPython 3.10.6 - Pyrogram 2.0.106
2024-08-28 21:59:27,516 - pyrogram.session.session - INFO - System: Linux 6.2.0-76060200-generic (en)
2024-08-28 21:59:27,516 - pyrogram.session.session - INFO - Session started
2024-08-28 21:59:27,526 - pyrogram.session.session - INFO - PingTask started
2024-08-28 21:59:27,677 - pyrogram.session.session - INFO - PingTask stopped
2024-08-28 21:59:27,677 - pyrogram.connection.connection - INFO - Disconnected
2024-08-28 21:59:27,677 - pyrogram.session.session - INFO - NetworkTask stopped
2024-08-28 21:59:27,677 - pyrogram.session.session - INFO - Session stopped
2024-08-28 21:59:27,962 - pyrogram.connection.transport.tcp.tcp - INFO - Using proxy 46.161.47.127
2024-08-28 21:59:27,962 - pyrogram.connection.connection - INFO - Connecting...
2024-08-28 21:59:28,372 - pyrogram.connection.connection - INFO - Connected! Production DC2 - IPv4
2024-08-28 21:59:28,372 - pyrogram.session.session - INFO - NetworkTask started
2024-08-28 21:59:28,886 - pyrogram.session.session - INFO - Session initialized: Layer 158
2024-08-28 21:59:28,886 - pyrogram.session.session - INFO - Device: CPython 3.10.6 - Pyrogram 2.0.106
2024-08-28 21:59:28,886 - pyrogram.session.session - INFO - System: Linux 6.2.0-76060200-generic (en)
2024-08-28 21:59:28,886 - pyrogram.session.session - INFO - Session started
2024-08-28 21:59:28,904 - pyrogram.session.session - INFO - PingTask started
2024-08-28 21:59:29,499 - pyrogram.session.session - INFO - PingTask stopped
2024-08-28 21:59:29,499 - pyrogram.connection.connection - INFO - Disconnected
2024-08-28 21:59:29,499 - pyrogram.session.session - INFO - NetworkTask stopped
2024-08-28 21:59:29,500 - pyrogram.session.session - INFO - Session stopped
2024-08-28 21:59:30,590 - httpx - INFO - HTTP Request: POST https://gateway.blum.codes/v1/auth/provider/PROVIDER_TELEGRAM_MINI_APP "HTTP/1.1 200 OK"
2024-08-28 21:59:31,535 - httpx - INFO - HTTP Request: GET https://game-domain.blum.codes/api/v1/user/balance "HTTP/1.1 200 OK"
2024-08-28 21:59:34,131 - aiogram.event - INFO - Update id=53308363 is handled. Duration 8137 ms by bot id=7144434947
2024-08-28 22:16:49,371 - aiogram.event - INFO - Update id=53308364 is not handled. Duration 1 ms by bot id=7144434947
2024-08-28 22:17:42,134 - aiogram.event - INFO - Update id=53308365 is handled. Duration 1233 ms by bot id=7144434947
2024-08-28 22:17:44,026 - pyrogram.connection.transport.tcp.tcp - INFO - Using proxy 46.161.47.127
2024-08-28 22:17:44,026 - pyrogram.connection.connection - INFO - Connecting...
2024-08-28 22:17:44,373 - pyrogram.connection.connection - INFO - Connected! Production DC2 - IPv4
2024-08-28 22:17:44,374 - pyrogram.session.session - INFO - NetworkTask started
2024-08-28 22:17:44,934 - pyrogram.session.session - INFO - Session initialized: Layer 158
2024-08-28 22:17:44,934 - pyrogram.session.session - INFO - Device: CPython 3.10.6 - Pyrogram 2.0.106
2024-08-28 22:17:44,934 - pyrogram.session.session - INFO - System: Linux 6.2.0-76060200-generic (en)
2024-08-28 22:17:44,934 - pyrogram.session.session - INFO - Session started
2024-08-28 22:17:44,954 - pyrogram.session.session - INFO - PingTask started
2024-08-28 22:17:45,126 - pyrogram.session.session - INFO - PingTask stopped
2024-08-28 22:17:45,126 - pyrogram.connection.connection - INFO - Disconnected
2024-08-28 22:17:45,126 - pyrogram.session.session - INFO - NetworkTask stopped
2024-08-28 22:17:45,126 - pyrogram.session.session - INFO - Session stopped
2024-08-28 22:17:45,135 - aiogram.event - INFO - Update id=53308366 is handled. Duration 1728 ms by bot id=7144434947
2024-08-28 22:17:45,651 - pyrogram.connection.transport.tcp.tcp - INFO - Using proxy 46.161.47.127
2024-08-28 22:17:45,651 - pyrogram.connection.connection - INFO - Connecting...
2024-08-28 22:17:46,009 - pyrogram.connection.connection - INFO - Connected! Production DC2 - IPv4
2024-08-28 22:17:46,010 - pyrogram.session.session - INFO - NetworkTask started
2024-08-28 22:17:46,494 - pyrogram.session.session - INFO - Session initialized: Layer 158
2024-08-28 22:17:46,494 - pyrogram.session.session - INFO - Device: CPython 3.10.6 - Pyrogram 2.0.106
2024-08-28 22:17:46,494 - pyrogram.session.session - INFO - System: Linux 6.2.0-76060200-generic (en)
2024-08-28 22:17:46,494 - pyrogram.session.session - INFO - Session started
2024-08-28 22:17:46,513 - pyrogram.session.session - INFO - PingTask started
2024-08-28 22:17:46,785 - pyrogram.session.session - INFO - PingTask stopped
2024-08-28 22:17:46,785 - pyrogram.connection.connection - INFO - Disconnected
2024-08-28 22:17:46,785 - pyrogram.session.session - INFO - NetworkTask stopped
2024-08-28 22:17:46,785 - pyrogram.session.session - INFO - Session stopped
2024-08-28 22:17:52,404 - bot - ERROR - 
2024-08-28 22:18:43,357 - aiogram.event - INFO - Update id=53308367 is handled. Duration 909 ms by bot id=7144434947
2024-08-28 22:18:45,551 - pyrogram.connection.transport.tcp.tcp - INFO - Using proxy 46.161.47.127
2024-08-28 22:18:45,551 - pyrogram.connection.connection - INFO - Connecting...
2024-08-28 22:18:45,881 - pyrogram.connection.connection - INFO - Connected! Production DC2 - IPv4
2024-08-28 22:18:45,882 - pyrogram.session.session - INFO - NetworkTask started
2024-08-28 22:18:46,422 - pyrogram.session.session - INFO - Session initialized: Layer 158
2024-08-28 22:18:46,422 - pyrogram.session.session - INFO - Device: CPython 3.10.6 - Pyrogram 2.0.106
2024-08-28 22:18:46,422 - pyrogram.session.session - INFO - System: Linux 6.2.0-76060200-generic (en)
2024-08-28 22:18:46,422 - pyrogram.session.session - INFO - Session started
2024-08-28 22:18:46,434 - pyrogram.session.session - INFO - PingTask started
2024-08-28 22:18:46,604 - pyrogram.session.session - INFO - PingTask stopped
2024-08-28 22:18:46,605 - pyrogram.connection.connection - INFO - Disconnected
2024-08-28 22:18:46,605 - pyrogram.session.session - INFO - NetworkTask stopped
2024-08-28 22:18:46,605 - pyrogram.session.session - INFO - Session stopped
2024-08-28 22:18:46,611 - aiogram.event - INFO - Update id=53308368 is handled. Duration 2057 ms by bot id=7144434947
2024-08-28 22:18:47,200 - pyrogram.connection.transport.tcp.tcp - INFO - Using proxy 46.161.47.127
2024-08-28 22:18:47,201 - pyrogram.connection.connection - INFO - Connecting...
2024-08-28 22:18:47,517 - pyrogram.connection.connection - INFO - Connected! Production DC2 - IPv4
2024-08-28 22:18:47,517 - pyrogram.session.session - INFO - NetworkTask started
2024-08-28 22:18:47,894 - pyrogram.session.session - INFO - Session initialized: Layer 158
2024-08-28 22:18:47,895 - pyrogram.session.session - INFO - Device: CPython 3.10.6 - Pyrogram 2.0.106
2024-08-28 22:18:47,895 - pyrogram.session.session - INFO - System: Linux 6.2.0-76060200-generic (en)
2024-08-28 22:18:47,895 - pyrogram.session.session - INFO - Session started
2024-08-28 22:18:47,910 - pyrogram.session.session - INFO - PingTask started
2024-08-28 22:18:48,181 - pyrogram.session.session - INFO - PingTask stopped
2024-08-28 22:18:48,181 - pyrogram.connection.connection - INFO - Disconnected
2024-08-28 22:18:48,181 - pyrogram.session.session - INFO - NetworkTask stopped
2024-08-28 22:18:48,181 - pyrogram.session.session - INFO - Session stopped
2024-08-28 22:23:23,916 - aiogram.event - INFO - Update id=53308369 is handled. Duration 1003 ms by bot id=7144434947
2024-08-28 22:23:25,931 - pyrogram.connection.transport.tcp.tcp - INFO - Using proxy 46.161.47.127
2024-08-28 22:23:25,932 - pyrogram.connection.connection - INFO - Connecting...
2024-08-28 22:23:26,255 - pyrogram.connection.connection - INFO - Connected! Production DC2 - IPv4
2024-08-28 22:23:26,257 - pyrogram.session.session - INFO - NetworkTask started
2024-08-28 22:23:26,839 - pyrogram.session.session - INFO - Session initialized: Layer 158
2024-08-28 22:23:26,840 - pyrogram.session.session - INFO - Device: CPython 3.10.6 - Pyrogram 2.0.106
2024-08-28 22:23:26,840 - pyrogram.session.session - INFO - System: Linux 6.2.0-76060200-generic (en)
2024-08-28 22:23:26,840 - pyrogram.session.session - INFO - Session started
2024-08-28 22:23:26,865 - pyrogram.session.session - INFO - PingTask started
2024-08-28 22:23:27,010 - pyrogram.session.session - INFO - PingTask stopped
2024-08-28 22:23:27,012 - pyrogram.connection.connection - INFO - Disconnected
2024-08-28 22:23:27,012 - pyrogram.session.session - INFO - NetworkTask stopped
2024-08-28 22:23:27,012 - pyrogram.session.session - INFO - Session stopped
2024-08-28 22:23:27,032 - aiogram.event - INFO - Update id=53308370 is handled. Duration 1889 ms by bot id=7144434947
2024-08-28 22:23:27,809 - pyrogram.connection.transport.tcp.tcp - INFO - Using proxy 46.161.47.127
2024-08-28 22:23:27,809 - pyrogram.connection.connection - INFO - Connecting...
2024-08-28 22:23:28,133 - pyrogram.connection.connection - INFO - Connected! Production DC2 - IPv4
2024-08-28 22:23:28,134 - pyrogram.session.session - INFO - NetworkTask started
2024-08-28 22:23:28,619 - pyrogram.session.session - INFO - Session initialized: Layer 158
2024-08-28 22:23:28,619 - pyrogram.session.session - INFO - Device: CPython 3.10.6 - Pyrogram 2.0.106
2024-08-28 22:23:28,619 - pyrogram.session.session - INFO - System: Linux 6.2.0-76060200-generic (en)
2024-08-28 22:23:28,619 - pyrogram.session.session - INFO - Session started
2024-08-28 22:23:28,649 - pyrogram.session.session - INFO - PingTask started
2024-08-28 22:23:28,922 - pyrogram.session.session - INFO - PingTask stopped
2024-08-28 22:23:28,923 - pyrogram.connection.connection - INFO - Disconnected
2024-08-28 22:23:28,923 - pyrogram.session.session - INFO - NetworkTask stopped
2024-08-28 22:23:28,923 - pyrogram.session.session - INFO - Session stopped
2024-08-28 22:23:30,730 - httpx - INFO - HTTP Request: POST https://gateway.blum.codes/v1/auth/provider/PROVIDER_TELEGRAM_MINI_APP "HTTP/1.1 200 OK"
2024-08-28 22:23:32,846 - httpx - INFO - HTTP Request: GET https://game-domain.blum.codes/api/v1/user/balance "HTTP/1.1 200 OK"
2024-08-28 22:23:35,199 - httpx - INFO - HTTP Request: POST https://game-domain.blum.codes/api/v1/daily-reward?offset=-180 "HTTP/1.1 400 Bad Request"
2024-08-28 22:23:38,679 - httpx - INFO - HTTP Request: GET https://gateway.blum.codes/v1/friends/balance "HTTP/1.1 200 OK"
2024-08-28 22:24:08,968 - aiogram.event - INFO - Update id=53308371 is not handled. Duration 1 ms by bot id=7144434947
2024-08-28 22:27:37,478 - aiogram.event - INFO - Update id=53308372 is handled. Duration 916 ms by bot id=7144434947
2024-08-28 22:27:39,862 - pyrogram.connection.transport.tcp.tcp - INFO - Using proxy 46.161.47.127
2024-08-28 22:27:39,863 - pyrogram.connection.connection - INFO - Connecting...
2024-08-28 22:27:40,184 - pyrogram.connection.connection - INFO - Connected! Production DC2 - IPv4
2024-08-28 22:27:40,185 - pyrogram.session.session - INFO - NetworkTask started
2024-08-28 22:27:40,671 - pyrogram.session.session - INFO - Session initialized: Layer 158
2024-08-28 22:27:40,671 - pyrogram.session.session - INFO - Device: CPython 3.10.6 - Pyrogram 2.0.106
2024-08-28 22:27:40,671 - pyrogram.session.session - INFO - System: Linux 6.2.0-76060200-generic (en)
2024-08-28 22:27:40,671 - pyrogram.session.session - INFO - Session started
2024-08-28 22:27:40,688 - pyrogram.session.session - INFO - PingTask started
2024-08-28 22:27:40,827 - pyrogram.session.session - INFO - PingTask stopped
2024-08-28 22:27:40,828 - pyrogram.connection.connection - INFO - Disconnected
2024-08-28 22:27:40,828 - pyrogram.session.session - INFO - NetworkTask stopped
2024-08-28 22:27:40,828 - pyrogram.session.session - INFO - Session stopped
2024-08-28 22:27:40,836 - aiogram.event - INFO - Update id=53308373 is handled. Duration 1733 ms by bot id=7144434947
2024-08-28 22:27:41,349 - pyrogram.connection.transport.tcp.tcp - INFO - Using proxy 46.161.47.127
2024-08-28 22:27:41,350 - pyrogram.connection.connection - INFO - Connecting...
2024-08-28 22:27:41,677 - pyrogram.connection.connection - INFO - Connected! Production DC2 - IPv4
2024-08-28 22:27:41,678 - pyrogram.session.session - INFO - NetworkTask started
2024-08-28 22:27:42,172 - pyrogram.session.session - INFO - Session initialized: Layer 158
2024-08-28 22:27:42,172 - pyrogram.session.session - INFO - Device: CPython 3.10.6 - Pyrogram 2.0.106
2024-08-28 22:27:42,172 - pyrogram.session.session - INFO - System: Linux 6.2.0-76060200-generic (en)
2024-08-28 22:27:42,172 - pyrogram.session.session - INFO - Session started
2024-08-28 22:27:42,198 - pyrogram.session.session - INFO - PingTask started
2024-08-28 22:27:42,576 - pyrogram.session.session - INFO - PingTask stopped
2024-08-28 22:27:42,577 - pyrogram.connection.connection - INFO - Disconnected
2024-08-28 22:27:42,577 - pyrogram.session.session - INFO - NetworkTask stopped
2024-08-28 22:27:42,577 - pyrogram.session.session - INFO - Session stopped
2024-08-28 22:27:43,841 - httpx - INFO - HTTP Request: POST https://gateway.blum.codes/v1/auth/provider/PROVIDER_TELEGRAM_MINI_APP "HTTP/1.1 200 OK"
2024-08-28 22:27:45,166 - httpx - INFO - HTTP Request: GET https://game-domain.blum.codes/api/v1/user/balance "HTTP/1.1 200 OK"
2024-08-28 22:27:47,526 - httpx - INFO - HTTP Request: POST https://game-domain.blum.codes/api/v1/daily-reward?offset=-180 "HTTP/1.1 400 Bad Request"
2024-08-28 22:27:51,149 - httpx - INFO - HTTP Request: GET https://gateway.blum.codes/v1/friends/balance "HTTP/1.1 200 OK"
2024-08-28 22:27:53,882 - httpx - INFO - HTTP Request: POST https://gateway.blum.codes/v1/friends/claim "HTTP/1.1 200 OK"
2024-08-28 22:27:54,532 - httpx - INFO - HTTP Request: POST https://gateway.blum.codes/v1/auth/refresh "HTTP/1.1 200 OK"
